<?xml version="1.0" encoding="UTF-8"?>
<definitions xmlns="http://www.omg.org/spec/BPMN/20100524/MODEL" xmlns:xsi="http://www.w3.org/2001/XMLSchema-instance" xmlns:activiti="http://activiti.org/bpmn" xmlns:bpmndi="http://www.omg.org/spec/BPMN/20100524/DI" xmlns:omgdc="http://www.omg.org/spec/DD/20100524/DC" xmlns:omgdi="http://www.omg.org/spec/DD/20100524/DI" typeLanguage="http://www.w3.org/2001/XMLSchema" expressionLanguage="http://www.w3.org/1999/XPath" targetNamespace="http://www.activiti.org/test">
  <process id="Test-bpm-1" name="test-bpm-1">
    <documentation>Place documentation for the 'test-bpm-1' process here.</documentation>
    <startEvent id="startevent1" name="Start"></startEvent>
    <endEvent id="endevent1" name="End"></endEvent>
    <scriptTask id="scripttask1" name="Script Task" scriptFormat="groovy">
      <script><![CDATA[System.out.println("Test bpm 1....");]]></script>
    </scriptTask>
    <sequenceFlow id="flow1" name="" sourceRef="startevent1" targetRef="scripttask1"></sequenceFlow>
    <sequenceFlow id="flow2" name="" sourceRef="scripttask1" targetRef="endevent1"></sequenceFlow>
  </process>
  <bpmndi:BPMNDiagram id="BPMNDiagram_Test-bpm-1">
    <bpmndi:BPMNPlane bpmnElement="Test-bpm-1" id="BPMNPlane_Test-bpm-1">
      <bpmndi:BPMNShape bpmnElement="startevent1" id="BPMNShape_startevent1">
        <omgdc:Bounds height="35" width="35" x="160" y="180"></omgdc:Bounds>
      </bpmndi:BPMNShape>
      <bpmndi:BPMNShape bpmnElement="endevent1" id="BPMNShape_endevent1">
        <omgdc:Bounds height="35" width="35" x="400" y="184"></omgdc:Bounds>
      </bpmndi:BPMNShape>
      <bpmndi:BPMNShape bpmnElement="scripttask1" id="BPMNShape_scripttask1">
        <omgdc:Bounds height="55" width="105" x="230" y="180"></omgdc:Bounds>
      </bpmndi:BPMNShape>
      <bpmndi:BPMNEdge bpmnElement="flow1" id="BPMNEdge_flow1">
        <omgdi:waypoint x="195" y="197"></omgdi:waypoint>
        <omgdi:waypoint x="230" y="207"></omgdi:waypoint>
      </bpmndi:BPMNEdge>
      <bpmndi:BPMNEdge bpmnElement="flow2" id="BPMNEdge_flow2">
        <omgdi:waypoint x="335" y="207"></omgdi:waypoint>
        <omgdi:waypoint x="397" y="207"></omgdi:waypoint>
        <omgdi:waypoint x="417" y="219"></omgdi:waypoint>
      </bpmndi:BPMNEdge>
    </bpmndi:BPMNPlane>
  </bpmndi:BPMNDiagram>
</definitions>